<?xml version="1.0" encoding="UTF-8"?>
<testsuite xmlns:xsi="http://www.w3.org/2001/XMLSchema-instance" xsi:noNamespaceSchemaLocation="https://maven.apache.org/surefire/maven-surefire-plugin/xsd/surefire-test-report-3.0.xsd" version="3.0" name="password.PasswordValidatorTest" time="0.003" tests="7" errors="0" skipped="0" failures="0">
  <properties>
    <property name="java.specification.version" value="23"/>
    <property name="sun.jnu.encoding" value="UTF-8"/>
    <property name="java.class.path" value="/Users/dhruv/Desktop/School/Spring 2025/Software Eng/cse360/target/test-classes:/Users/dhruv/Desktop/School/Spring 2025/Software Eng/cse360/target/classes:/Users/dhruv/.m2/repository/me/xdrop/fuzzywuzzy/1.4.0/fuzzywuzzy-1.4.0.jar:/Users/dhruv/.m2/repository/org/bouncycastle/bcprov-jdk18on/1.80/bcprov-jdk18on-1.80.jar:/Users/dhruv/.m2/repository/com/h2database/h2/2.3.232/h2-2.3.232.jar:/Users/dhruv/.m2/repository/org/openjfx/javafx-base/23.0.1/javafx-base-23.0.1-mac-aarch64.jar:/Users/dhruv/.m2/repository/org/openjfx/javafx-controls/23.0.1/javafx-controls-23.0.1-mac-aarch64.jar:/Users/dhruv/.m2/repository/org/openjfx/javafx-graphics/23.0.1/javafx-graphics-23.0.1.jar:/Users/dhruv/.m2/repository/org/openjfx/javafx-graphics/23.0.1/javafx-graphics-23.0.1-mac-aarch64.jar:/Users/dhruv/.m2/repository/org/openjfx/javafx-base/23.0.1/javafx-base-23.0.1.jar:/Users/dhruv/.m2/repository/org/openjfx/javafx-fxml/23.0.1/javafx-fxml-23.0.1-mac-aarch64.jar:/Users/dhruv/.m2/repository/org/openjfx/javafx-controls/23.0.1/javafx-controls-23.0.1.jar:/Users/dhruv/.m2/repository/org/apache/lucene/lucene-core/10.1.0/lucene-core-10.1.0.jar:/Users/dhruv/.m2/repository/org/apache/lucene/lucene-queryparser/10.1.0/lucene-queryparser-10.1.0.jar:/Users/dhruv/.m2/repository/org/apache/lucene/lucene-queries/10.1.0/lucene-queries-10.1.0.jar:/Users/dhruv/.m2/repository/org/apache/lucene/lucene-sandbox/10.1.0/lucene-sandbox-10.1.0.jar:/Users/dhruv/.m2/repository/org/apache/lucene/lucene-facet/10.1.0/lucene-facet-10.1.0.jar:/Users/dhruv/.m2/repository/org/reflections/reflections/0.10.2/reflections-0.10.2.jar:/Users/dhruv/.m2/repository/com/google/code/findbugs/jsr305/3.0.2/jsr305-3.0.2.jar:/Users/dhruv/.m2/repository/org/slf4j/slf4j-api/2.0.16/slf4j-api-2.0.16.jar:/Users/dhruv/.m2/repository/org/slf4j/slf4j-simple/2.0.16/slf4j-simple-2.0.16.jar:/Users/dhruv/.m2/repository/org/javassist/javassist/3.30.2-GA/javassist-3.30.2-GA.jar:/Users/dhruv/.m2/repository/org/junit/jupiter/junit-jupiter/5.8.1/junit-jupiter-5.8.1.jar:/Users/dhruv/.m2/repository/org/junit/jupiter/junit-jupiter-api/5.8.1/junit-jupiter-api-5.8.1.jar:/Users/dhruv/.m2/repository/org/opentest4j/opentest4j/1.2.0/opentest4j-1.2.0.jar:/Users/dhruv/.m2/repository/org/junit/platform/junit-platform-commons/1.8.1/junit-platform-commons-1.8.1.jar:/Users/dhruv/.m2/repository/org/apiguardian/apiguardian-api/1.1.2/apiguardian-api-1.1.2.jar:/Users/dhruv/.m2/repository/org/junit/jupiter/junit-jupiter-params/5.8.1/junit-jupiter-params-5.8.1.jar:/Users/dhruv/.m2/repository/org/junit/jupiter/junit-jupiter-engine/5.8.1/junit-jupiter-engine-5.8.1.jar:/Users/dhruv/.m2/repository/org/junit/platform/junit-platform-engine/1.8.1/junit-platform-engine-1.8.1.jar:"/>
    <property name="java.vm.vendor" value="Oracle Corporation"/>
    <property name="sun.arch.data.model" value="64"/>
    <property name="java.vendor.url" value="https://java.oracle.com/"/>
    <property name="user.timezone" value="America/Phoenix"/>
    <property name="os.name" value="Mac OS X"/>
    <property name="java.vm.specification.version" value="23"/>
    <property name="sun.java.launcher" value="SUN_STANDARD"/>
    <property name="user.country" value="US"/>
    <property name="sun.boot.library.path" value="/Library/Java/JavaVirtualMachines/jdk-23.jdk/Contents/Home/lib"/>
    <property name="sun.java.command" value="/Users/dhruv/Desktop/School/Spring 2025/Software Eng/cse360/target/surefire/surefirebooter-20250907151950271_3.jar /Users/dhruv/Desktop/School/Spring 2025/Software Eng/cse360/target/surefire 2025-09-07T15-19-50_229-jvmRun1 surefire-20250907151950271_1tmp surefire_0-20250907151950271_2tmp"/>
    <property name="http.nonProxyHosts" value="local|*.local|169.254/16|*.169.254/16"/>
    <property name="jdk.debug" value="release"/>
    <property name="surefire.test.class.path" value="/Users/dhruv/Desktop/School/Spring 2025/Software Eng/cse360/target/test-classes:/Users/dhruv/Desktop/School/Spring 2025/Software Eng/cse360/target/classes:/Users/dhruv/.m2/repository/me/xdrop/fuzzywuzzy/1.4.0/fuzzywuzzy-1.4.0.jar:/Users/dhruv/.m2/repository/org/bouncycastle/bcprov-jdk18on/1.80/bcprov-jdk18on-1.80.jar:/Users/dhruv/.m2/repository/com/h2database/h2/2.3.232/h2-2.3.232.jar:/Users/dhruv/.m2/repository/org/openjfx/javafx-base/23.0.1/javafx-base-23.0.1-mac-aarch64.jar:/Users/dhruv/.m2/repository/org/openjfx/javafx-controls/23.0.1/javafx-controls-23.0.1-mac-aarch64.jar:/Users/dhruv/.m2/repository/org/openjfx/javafx-graphics/23.0.1/javafx-graphics-23.0.1.jar:/Users/dhruv/.m2/repository/org/openjfx/javafx-graphics/23.0.1/javafx-graphics-23.0.1-mac-aarch64.jar:/Users/dhruv/.m2/repository/org/openjfx/javafx-base/23.0.1/javafx-base-23.0.1.jar:/Users/dhruv/.m2/repository/org/openjfx/javafx-fxml/23.0.1/javafx-fxml-23.0.1-mac-aarch64.jar:/Users/dhruv/.m2/repository/org/openjfx/javafx-controls/23.0.1/javafx-controls-23.0.1.jar:/Users/dhruv/.m2/repository/org/apache/lucene/lucene-core/10.1.0/lucene-core-10.1.0.jar:/Users/dhruv/.m2/repository/org/apache/lucene/lucene-queryparser/10.1.0/lucene-queryparser-10.1.0.jar:/Users/dhruv/.m2/repository/org/apache/lucene/lucene-queries/10.1.0/lucene-queries-10.1.0.jar:/Users/dhruv/.m2/repository/org/apache/lucene/lucene-sandbox/10.1.0/lucene-sandbox-10.1.0.jar:/Users/dhruv/.m2/repository/org/apache/lucene/lucene-facet/10.1.0/lucene-facet-10.1.0.jar:/Users/dhruv/.m2/repository/org/reflections/reflections/0.10.2/reflections-0.10.2.jar:/Users/dhruv/.m2/repository/com/google/code/findbugs/jsr305/3.0.2/jsr305-3.0.2.jar:/Users/dhruv/.m2/repository/org/slf4j/slf4j-api/2.0.16/slf4j-api-2.0.16.jar:/Users/dhruv/.m2/repository/org/slf4j/slf4j-simple/2.0.16/slf4j-simple-2.0.16.jar:/Users/dhruv/.m2/repository/org/javassist/javassist/3.30.2-GA/javassist-3.30.2-GA.jar:/Users/dhruv/.m2/repository/org/junit/jupiter/junit-jupiter/5.8.1/junit-jupiter-5.8.1.jar:/Users/dhruv/.m2/repository/org/junit/jupiter/junit-jupiter-api/5.8.1/junit-jupiter-api-5.8.1.jar:/Users/dhruv/.m2/repository/org/opentest4j/opentest4j/1.2.0/opentest4j-1.2.0.jar:/Users/dhruv/.m2/repository/org/junit/platform/junit-platform-commons/1.8.1/junit-platform-commons-1.8.1.jar:/Users/dhruv/.m2/repository/org/apiguardian/apiguardian-api/1.1.2/apiguardian-api-1.1.2.jar:/Users/dhruv/.m2/repository/org/junit/jupiter/junit-jupiter-params/5.8.1/junit-jupiter-params-5.8.1.jar:/Users/dhruv/.m2/repository/org/junit/jupiter/junit-jupiter-engine/5.8.1/junit-jupiter-engine-5.8.1.jar:/Users/dhruv/.m2/repository/org/junit/platform/junit-platform-engine/1.8.1/junit-platform-engine-1.8.1.jar:"/>
    <property name="sun.cpu.endian" value="little"/>
    <property name="user.home" value="/Users/dhruv"/>
    <property name="user.language" value="en"/>
    <property name="java.specification.vendor" value="Oracle Corporation"/>
    <property name="java.version.date" value="2024-10-15"/>
    <property name="java.home" value="/Library/Java/JavaVirtualMachines/jdk-23.jdk/Contents/Home"/>
    <property name="file.separator" value="/"/>
    <property name="basedir" value="/Users/dhruv/Desktop/School/Spring 2025/Software Eng/cse360"/>
    <property name="java.vm.compressedOopsMode" value="Zero based"/>
    <property name="line.separator" value="&#10;"/>
    <property name="java.vm.specification.vendor" value="Oracle Corporation"/>
    <property name="java.specification.name" value="Java Platform API Specification"/>
    <property name="apple.awt.application.name" value="ForkedBooter"/>
    <property name="surefire.real.class.path" value="/Users/dhruv/Desktop/School/Spring 2025/Software Eng/cse360/target/surefire/surefirebooter-20250907151950271_3.jar"/>
    <property name="sun.management.compiler" value="HotSpot 64-Bit Tiered Compilers"/>
    <property name="ftp.nonProxyHosts" value="local|*.local|169.254/16|*.169.254/16"/>
    <property name="java.runtime.version" value="23.0.1+11-39"/>
    <property name="user.name" value="dhruv"/>
    <property name="stdout.encoding" value="UTF-8"/>
    <property name="path.separator" value=":"/>
    <property name="os.version" value="15.6.1"/>
    <property name="java.runtime.name" value="Java(TM) SE Runtime Environment"/>
    <property name="file.encoding" value="UTF-8"/>
    <property name="java.vm.name" value="Java HotSpot(TM) 64-Bit Server VM"/>
    <property name="localRepository" value="/Users/dhruv/.m2/repository"/>
    <property name="java.vendor.url.bug" value="https://bugreport.java.com/bugreport/"/>
    <property name="java.io.tmpdir" value="/var/folders/jn/1zyv5z_x0jx2lg1s4hlt41z40000gp/T/"/>
    <property name="idea.version" value="2024.3.5"/>
    <property name="java.version" value="23.0.1"/>
    <property name="user.dir" value="/Users/dhruv/Desktop/School/Spring 2025/Software Eng/cse360"/>
    <property name="os.arch" value="aarch64"/>
    <property name="java.vm.specification.name" value="Java Virtual Machine Specification"/>
    <property name="native.encoding" value="UTF-8"/>
    <property name="java.library.path" value="/Users/dhruv/Library/Java/Extensions:/Library/Java/Extensions:/Network/Library/Java/Extensions:/System/Library/Java/Extensions:/usr/lib/java:."/>
    <property name="java.vm.info" value="mixed mode, sharing"/>
    <property name="stderr.encoding" value="UTF-8"/>
    <property name="java.vendor" value="Oracle Corporation"/>
    <property name="java.vm.version" value="23.0.1+11-39"/>
    <property name="sun.io.unicode.encoding" value="UnicodeBig"/>
    <property name="socksNonProxyHosts" value="local|*.local|169.254/16|*.169.254/16"/>
    <property name="java.class.version" value="67.0"/>
  </properties>
  <testcase name="testEmptyPassword" classname="password.PasswordValidatorTest" time="0.0"/>
  <testcase name="testValidPassword" classname="password.PasswordValidatorTest" time="0.001"/>
  <testcase name="testMissingUppercase" classname="password.PasswordValidatorTest" time="0.0"/>
  <testcase name="testMissingLowercase" classname="password.PasswordValidatorTest" time="0.001"/>
  <testcase name="testMissingDigit" classname="password.PasswordValidatorTest" time="0.0"/>
  <testcase name="testMissingSpecial" classname="password.PasswordValidatorTest" time="0.001"/>
  <testcase name="testTooShortPassword" classname="password.PasswordValidatorTest" time="0.0"/>
</testsuite>